app/proguard-rules.pro
-keep class com.example.wearblescanner.** { *; }