app/build/outputs/mapping/release/seeds.txt
com.example.wearblescanner.ui.BLEScannerScreenKt$BLEScannerScreen$3$1$5
com.example.wearblescanner.ui.ComposableSingletons$BLEScannerScreenKt$lambda-11$1
com.example.wearblescanner.ComposableSingletons$MainActivityKt
com.example.wearblescanner.ui.BLEScannerScreenKt$BLEScannerScreen$3$2$1$3
com.example.wearblescanner.MainActivity
com.example.wearblescanner.ComposableSingletons$MainActivityKt$lambda-1$1
com.example.wearblescanner.ui.BLEScannerScreenKt$BleDeviceRow$1$1
com.example.wearblescanner.ui.BLEScannerScreenKt$BLEScannerScreen$3$2$1$2
com.example.wearblescanner.ui.BLEScannerScreenKt$BLEScannerScreen$3$2$1$1
com.example.wearblescanner.ui.BLEScannerScreenKt$BLEScannerScreen$3$1$4$1
com.example.wearblescanner.ui.BLEScannerScreenKt$BLEScannerScreen$3$1$2
com.example.wearblescanner.ui.BleTab
com.example.wearblescanner.ui.BLEScannerScreenKt$BLEScannerScreen$3$2$1$2$1$1
com.example.wearblescanner.ui.BLEScannerScreenKt$BLEScannerScreen$2
com.example.wearblescanner.ui.BLEScannerScreenKt
com.example.wearblescanner.ui.BLEScannerScreenKt$BLEScannerScreen$3$2$1$4$1$1
com.example.wearblescanner.ui.BleDeviceItem
com.example.wearblescanner.ui.ComposableSingletons$BLEScannerScreenKt$lambda-9$1
com.example.wearblescanner.ui.BLEScannerScreenKt$BLEScannerScreen$3$1$invoke$$inlined$items$default$4
com.example.wearblescanner.ui.BLEScannerScreenKt$BLEScannerScreen$3$1$invoke$$inlined$items$default$1
com.example.wearblescanner.ui.ComposableSingletons$BLEScannerScreenKt
com.example.wearblescanner.ui.ComposableSingletons$BLEScannerScreenKt$lambda-10$1
com.example.wearblescanner.ui.BLEScannerScreenKt$BLEScannerScreen$3$1
com.example.wearblescanner.ui.ComposableSingletons$BLEScannerScreenKt$lambda-6$1
com.example.wearblescanner.ui.BLEScannerScreenKt$BLEScannerScreen$1$scanCallback$1
com.example.wearblescanner.ui.ComposableSingletons$BLEScannerScreenKt$lambda-8$1
com.example.wearblescanner.ui.BLEScannerScreenKt$BLEScannerScreen$3$1$WhenMappings
com.example.wearblescanner.ui.ComposableSingletons$BLEScannerScreenKt$lambda-7$1
com.example.wearblescanner.ui.BLEScannerScreenKt$BLEScannerScreen$1
com.example.wearblescanner.ui.BLEScannerScreenKt$BLEScannerScreen$2$invoke$$inlined$onDispose$1
com.example.wearblescanner.R$drawable
com.example.wearblescanner.ui.BLEScannerScreenKt$BLEScannerScreen$$inlined$sortedByDescending$1
com.example.wearblescanner.ui.BLEScannerScreenKt$BLEScannerScreen$3$2$1$1$1$1
com.example.wearblescanner.R
com.example.wearblescanner.ui.BLEScannerScreenKt$BezelTabPill$1$1
com.example.wearblescanner.ui.BLEScannerScreenKt$BLEScannerScreen$3$2$1$3$1$1
com.example.wearblescanner.ui.BLEScannerScreenKt$BLEScannerScreen$3$1$2$1$1
com.example.wearblescanner.ui.BLEScannerScreenKt$BleDeviceRow$3
com.example.wearblescanner.ui.BLEScannerScreenKt$BezelTabPill$3
com.example.wearblescanner.ui.BLEScannerScreenKt$BLEScannerScreen$2$listener$1
com.example.wearblescanner.ui.BLEScannerScreenKt$BLEScannerScreen$1$invoke$$inlined$onDispose$1
com.example.wearblescanner.ui.ComposableSingletons$BLEScannerScreenKt$lambda-2$1
com.example.wearblescanner.ui.ComposableSingletons$BLEScannerScreenKt$lambda-5$1
com.example.wearblescanner.ui.BLEScannerScreenKt$BLEScannerScreen$3$1$invoke$$inlined$items$default$5
com.example.wearblescanner.ui.BLEScannerScreenKt$BLEScannerScreen$3$1$invoke$$inlined$items$default$2
com.example.wearblescanner.ui.ComposableSingletons$BLEScannerScreenKt$lambda-3$1
com.example.wearblescanner.ui.BLEScannerScreenKt$BLEScannerScreen$3$1$invoke$$inlined$items$default$3
com.example.wearblescanner.ui.BLEScannerScreenKt$BLEScannerScreen$3$2$1$4
com.example.wearblescanner.ui.BLEScannerScreenKt$BLEScannerScreen$3$1$invoke$$inlined$items$default$7
com.example.wearblescanner.ui.BLEScannerScreenKt$SignalStrengthBar$2
com.example.wearblescanner.ui.ComposableSingletons$BLEScannerScreenKt$lambda-4$1
com.example.wearblescanner.ui.ComposableSingletons$BLEScannerScreenKt$lambda-1$1
com.example.wearblescanner.ui.BLEScannerScreenKt$BLEScannerScreen$3$1$3$1
...
androidx.concurrent.futures.AbstractResolvableFuture: androidx.concurrent.futures.AbstractResolvableFuture$Waiter waiters
kotlinx.coroutines.scheduling.WorkQueue: int consumerIndex
kotlinx.coroutines.channels.BufferedChannel: java.lang.Object closeHandler
com.google.android.gms.common.internal.RootTelemetryConfiguration: android.os.Parcelable$Creator CREATOR
kotlinx.coroutines.scheduling.CoroutineScheduler$Worker: int workerCtl
kotlinx.coroutines.CancelledContinuation: int _resumed
androidx.activity.ComponentActivity: java.lang.String ACTIVITY_RESULT_TAG
com.google.android.gms.common.internal.GetServiceRequest: android.os.Parcelable$Creator CREATOR
androidx.concurrent.futures.AbstractResolvableFuture: java.lang.Object value
kotlin.SafePublicationLazyImpl: java.lang.Object _value
androidx.lifecycle.ProcessLifecycleOwner$attach$1$onActivityPreCreated$1: androidx.lifecycle.ProcessLifecycleOwner this$0
com.google.android.gms.common.api.Status: android.os.Parcelable$Creator CREATOR
kotlinx.coroutines.sync.SemaphoreImpl: int _availablePermits
com.google.android.gms.common.internal.zzj: android.os.Parcelable$Creator CREATOR
kotlinx.coroutines.sync.SemaphoreImpl: long deqIdx
com.google.android.gms.common.api.Scope: android.os.Parcelable$Creator CREATOR
androidx.activity.ComponentActivity: androidx.activity.ComponentActivity$ReportFullyDrawnExecutor mReportFullyDrawnExecutor
com.google.android.gms.common.internal.MethodInvocation: android.os.Parcelable$Creator CREATOR
androidx.activity.ComponentActivity: boolean mDispatchingOnPictureInPictureModeChanged
androidx.lifecycle.Lifecycle$Event: androidx.lifecycle.Lifecycle$Event ON_DESTROY
androidx.lifecycle.Lifecycle$Event: androidx.lifecycle.Lifecycle$Event[] $VALUES
kotlinx.coroutines.sync.SemaphoreImpl: long enqIdx
androidx.versionedparcelable.ParcelImpl: android.os.Parcelable$Creator CREATOR
com.google.android.gms.signin.internal.zag: android.os.Parcelable$Creator CREATOR
androidx.activity.ComponentActivity: java.util.concurrent.CopyOnWriteArrayList mOnConfigurationChangedListeners
kotlinx.coroutines.scheduling.WorkQueue: int producerIndex
kotlinx.coroutines.sync.SemaphoreImpl: java.lang.Object tail
kotlinx.coroutines.JobSupport$Finishing: int _isCompleting
com.google.android.gms.signin.internal.zak: android.os.Parcelable$Creator CREATOR
kotlinx.coroutines.scheduling.CoroutineScheduler$Worker: int indexInArray
kotlinx.coroutines.channels.BufferedChannel: java.lang.Object _closeCause
kotlinx.coroutines.internal.Segment: int cleanedAndPointers
com.google.android.gms.dynamite.DynamiteModule$DynamiteLoaderClassLoader: java.lang.ClassLoader sClassLoader
androidx.lifecycle.Lifecycle$Event: androidx.lifecycle.Lifecycle$Event ON_RESUME
com.google.android.gms.common.internal.zav: android.os.Parcelable$Creator CREATOR
kotlinx.coroutines.internal.AtomicOp: java.lang.Object _consensus
kotlinx.coroutines.CancellableContinuationImpl: java.lang.Object _state
kotlinx.coroutines.scheduling.WorkQueue: int blockingTasksInBuffer
androidx.lifecycle.Lifecycle$Event: androidx.lifecycle.Lifecycle$Event ON_PAUSE
kotlinx.coroutines.CancellableContinuationImpl: int _decisionAndIndex
kotlinx.coroutines.EventLoopImplBase: int _isCompleted
com.google.android.gms.common.internal.zat: android.os.Parcelable$Creator CREATOR
kotlinx.coroutines.sync.MutexImpl: java.lang.Object owner
kotlinx.coroutines.android.HandlerDispatcherKt: android.view.Choreographer choreographer
androidx.compose.runtime.ParcelableSnapshotMutableState: android.os.Parcelable$Creator CREATOR
kotlinx.coroutines.scheduling.CoroutineScheduler: int _isTerminated
kotlinx.coroutines.internal.ThreadSafeHeap: int _size
com.google.android.gms.signin.internal.zaa: android.os.Parcelable$Creator CREATOR
androidx.lifecycle.Lifecycle$Event: androidx.lifecycle.Lifecycle$Event ON_START
kotlinx.coroutines.internal.LockFreeLinkedListNode: java.lang.Object _removedRef
androidx.activity.ComponentActivity: androidx.lifecycle.ViewModelStore mViewModelStore