app/build/outputs/mapping/release/mapping.txt
# compiler: R8
# compiler_version: 8.3.37
# min_api: 30
# common_typos_disable
# {"id":"com.android.tools.r8.mapping","version":"2.2"}
# pg_map_id: e1448fb
# pg_map_hash: SHA-256 e1448fb5821405a57a282c95b5491c73f1dacfdb00b1de3aa5ebc308dd424d6c
com.example.wearblescanner.ComposableSingletons$MainActivityKt -> com.example.wearblescanner.ComposableSingletons$MainActivityKt:
# {"id":"sourceFile","fileName":"MainActivity.kt"}
    kotlin.jvm.functions.Function2 lambda-1 -> lambda-1
      # {"id":"com.android.tools.r8.residualsignature","signature":"Lq1/e;"}
    7:8:void <clinit>():11:11 -> <clinit>
    9:17:androidx.compose.runtime.internal.ComposableLambda androidx.compose.runtime.internal.ComposableLambdaKt.composableLambdaInstance(int,boolean,java.lang.Object):616:616 -> <clinit>
    9:17:void <clinit>():11 -> <clinit>
    18:20:void <clinit>():11:11 -> <clinit>
    0:2:kotlin.jvm.functions.Function2 getLambda-1$app_release():0:0 -> getLambda-1$app_release
      # {"id":"com.android.tools.r8.residualsignature","signature":"()Lq1/e;"}
com.example.wearblescanner.ComposableSingletons$MainActivityKt$lambda-1$1 -> com.example.wearblescanner.ComposableSingletons$MainActivityKt$lambda-1$1:
# {"id":"sourceFile","fileName":"MainActivity.kt"}
    1:1:void invoke(androidx.compose.runtime.Composer,int):0:0 -> invoke
      # {"id":"com.android.tools.r8.residualsignature","signature":"(Lw/m;I)V"}
    2:2:void invoke(androidx.compose.runtime.Composer,int):12:12 -> invoke
    3:3:java.lang.Object invoke(java.lang.Object,java.lang.Object):11:11 -> invoke
com.example.wearblescanner.MainActivity -> com.example.wearblescanner.MainActivity:
# {"id":"sourceFile","fileName":"MainActivity.kt"}
    0:3:void <init>():8:8 -> <init>
    0:2:void onCreate(android.os.Bundle):10:10 -> onCreate
    3:10:void onCreate(android.os.Bundle):11:11 -> onCreate
    11:21:void androidx.activity.compose.ComponentActivityKt.setContent(androidx.activity.ComponentActivity,androidx.compose.runtime.CompositionContext,kotlin.jvm.functions.Function2):55:55 -> onCreate
    11:21:void androidx.activity.compose.ComponentActivityKt.setContent$default(androidx.activity.ComponentActivity,androidx.compose.runtime.CompositionContext,kotlin.jvm.functions.Function2,int,java.lang.Object):51 -> onCreate
    11:21:void onCreate(android.os.Bundle):11 -> onCreate
    22:28:void androidx.activity.compose.ComponentActivityKt.setContent(androidx.activity.ComponentActivity,androidx.compose.runtime.CompositionContext,kotlin.jvm.functions.Function2):56:56 -> onCreate
    22:28:void androidx.activity.compose.ComponentActivityKt.setContent$default(androidx.activity.ComponentActivity,androidx.compose.runtime.CompositionContext,kotlin.jvm.functions.Function2,int,java.lang.Object):51 -> onCreate
    22:28:void onCreate(android.os.Bundle):11 -> onCreate
    29:32:void androidx.activity.compose.ComponentActivityKt.setContent(androidx.activity.ComponentActivity,androidx.compose.runtime.CompositionContext,kotlin.jvm.functions.Function2):57:57 -> onCreate
...
androidx.wear.compose.material.TypographyKt$LocalTypography$1 -> R8$$REMOVED$$CLASS$$752:
# {"id":"sourceFile","fileName":"Typography.kt"}
androidx.wear.compose.materialcore.TextKt -> R8$$REMOVED$$CLASS$$753:
# {"id":"sourceFile","fileName":"Text.kt"}
androidx.wear.compose.materialcore.TextKt$Text$1 -> Q0.a:
# {"id":"sourceFile","fileName":"Text.kt"}
    androidx.compose.ui.text.AnnotatedString $text -> g
      # {"id":"com.android.tools.r8.residualsignature","signature":"Lg0/c;"}
    androidx.compose.ui.Modifier $modifier -> h
      # {"id":"com.android.tools.r8.residualsignature","signature":"LI/o;"}
    long $color -> i
    long $fontSize -> j
    androidx.compose.ui.text.font.FontStyle $fontStyle -> k
      # {"id":"com.android.tools.r8.residualsignature","signature":"Ll0/j;"}
    androidx.compose.ui.text.font.FontWeight $fontWeight -> l
      # {"id":"com.android.tools.r8.residualsignature","signature":"Ll0/l;"}
    androidx.compose.ui.text.font.FontFamily $fontFamily -> m
      # {"id":"com.android.tools.r8.residualsignature","signature":"Ll0/e;"}
    long $letterSpacing -> n
    androidx.compose.ui.text.style.TextDecoration $textDecoration -> o
      # {"id":"com.android.tools.r8.residualsignature","signature":"Lr0/i;"}
    androidx.compose.ui.text.style.TextAlign $textAlign -> p
      # {"id":"com.android.tools.r8.residualsignature","signature":"Lr0/h;"}
    long $lineHeight -> q
    int $overflow -> r
    boolean $softWrap -> s
    int $maxLines -> t
    int $minLines -> u
    java.util.Map $inlineContent -> v
    kotlin.jvm.functions.Function1 $onTextLayout -> w
      # {"id":"com.android.tools.r8.residualsignature","signature":"Lq1/c;"}
    androidx.compose.ui.text.TextStyle $style -> x
com.google.android.gms.auth.api.signin.GoogleSignInAccount -> com.google.android.gms.auth.api.signin.GoogleSignInAccount:
# {"id":"sourceFile","fileName":"com.google.android.gms:play-services-base@@18.0.1"}
    int zab -> g
    java.lang.String zad -> h
    java.lang.String zae -> i
    java.lang.String zaf -> j
    java.lang.String zag -> k
    android.net.Uri zah -> l
    java.lang.String zai -> m
    long zaj -> n
    java.lang.String zak -> o
    java.util.List zac -> p
    java.lang.String zal -> q
    java.lang.String zam -> r
    java.util.Set zan -> s
      # {"id":"com.android.tools.r8.residualsignature","signature":"Ljava/util/HashSet;"}
    0:8:void <clinit>():1:1 -> <clinit>
    0:2:void com.google.android.gms.common.internal.safeparcel.AbstractSafeParcelable.<init>():0:0 -> <init>
    0:2:void <init>(int,java.lang.String,java.lang.String,java.lang.String,java.lang.String,android.net.Uri,java.lang.String,long,java.lang.String,java.util.List,java.lang.String,java.lang.String):1 -> <init>
      # {"id":"com.android.tools.r8.residualsignature","signature":"(ILjava/lang/String;Ljava/lang/String;Ljava/lang/String;Ljava/lang/String;Landroid/net/Uri;Ljava/lang/String;JLjava/lang/String;Ljava/util/ArrayList;Ljava/lang/String;Ljava/lang/String;)V"}
    3:4:void <init>(int,java.lang.String,java.lang.String,java.lang.String,java.lang.String,android.net.Uri,java.lang.String,long,java.lang.String,java.util.List,java.lang.String,java.lang.String):1:1 -> <init>