app/build/outputs/mapping/release/usage.txt
com.example.wearblescanner.MainActivity:
    static void <clinit>()
com.example.wearblescanner.ui.BleDeviceItem:
    static void <clinit>()
...
androidx.lifecycle.AbstractSavedStateViewModelFactory
androidx.lifecycle.AndroidViewModel:
    private final android.app.Application application
    public void <init>(android.app.Application)
    public android.app.Application getApplication()
androidx.lifecycle.Api26Impl
androidx.lifecycle.BlockRunner$cancel$1
androidx.lifecycle.BlockRunner$maybeRun$1
androidx.lifecycle.BlockRunner
androidx.lifecycle.ClassesInfoCache:
    private static final int CALL_TYPE_NO_ARG
    private static final int CALL_TYPE_PROVIDER
    private static final int CALL_TYPE_PROVIDER_WITH_EVENT
androidx.lifecycle.CloseableCoroutineScope
androidx.lifecycle.ComputableLiveData$_liveData$1
androidx.lifecycle.ComputableLiveData
androidx.lifecycle.CoroutineLiveData$1
androidx.lifecycle.CoroutineLiveData$clearSource$1
androidx.lifecycle.CoroutineLiveData$emitSource$1
androidx.lifecycle.CoroutineLiveData
androidx.lifecycle.CoroutineLiveDataKt$addDisposableSource$2$1
androidx.lifecycle.CoroutineLiveDataKt$addDisposableSource$2
androidx.lifecycle.CoroutineLiveDataKt$sam$androidx_lifecycle_Observer$0
androidx.lifecycle.CoroutineLiveDataKt
androidx.lifecycle.DispatchQueue
androidx.lifecycle.EmittedSource$dispose$1
androidx.lifecycle.EmittedSource$disposeNow$2
androidx.lifecycle.EmittedSource
androidx.lifecycle.FlowExtKt$flowWithLifecycle$1$1$1
androidx.lifecycle.FlowExtKt$flowWithLifecycle$1$1
androidx.lifecycle.FlowExtKt$flowWithLifecycle$1
androidx.lifecycle.FlowExtKt
androidx.lifecycle.FlowLiveDataConversions$asFlow$1$1
androidx.lifecycle.FlowLiveDataConversions$asFlow$1$2$1
androidx.lifecycle.FlowLiveDataConversions$asFlow$1$2
androidx.lifecycle.FlowLiveDataConversions$asFlow$1
androidx.lifecycle.FlowLiveDataConversions$asLiveData$1$1
androidx.lifecycle.FlowLiveDataConversions$asLiveData$1
androidx.lifecycle.FlowLiveDataConversions
androidx.lifecycle.GenericLifecycleObserver
androidx.lifecycle.HasDefaultViewModelProviderFactory:
    public abstract androidx.lifecycle.ViewModelProvider$Factory getDefaultViewModelProviderFactory()
androidx.lifecycle.LegacySavedStateHandleController:
    public static final java.lang.String TAG_SAVED_STATE_HANDLE_CONTROLLER
androidx.lifecycle.Lifecycle$Event$Companion:
    public final androidx.lifecycle.Lifecycle$Event downTo(androidx.lifecycle.Lifecycle$State)
androidx.lifecycle.Lifecycle$Event:
    public static final androidx.lifecycle.Lifecycle$Event downTo(androidx.lifecycle.Lifecycle$State)
    public static final androidx.lifecycle.Lifecycle$Event upFrom(androidx.lifecycle.Lifecycle$State)
androidx.lifecycle.Lifecycle:
    private static final void _get_currentStateFlow_$lambda$0(kotlinx.coroutines.flow.MutableStateFlow,androidx.lifecycle.LifecycleOwner,androidx.lifecycle.Lifecycle$Event)
    public kotlinx.coroutines.flow.StateFlow getCurrentStateFlow()
    public final java.util.concurrent.atomic.AtomicReference getInternalScopeRef()
    public final void setInternalScopeRef(java.util.concurrent.atomic.AtomicReference)
androidx.lifecycle.LifecycleController
androidx.lifecycle.LifecycleCoroutineScope$launchWhenCreated$1
androidx.lifecycle.LifecycleCoroutineScope$launchWhenResumed$1
androidx.lifecycle.LifecycleCoroutineScope$launchWhenStarted$1
androidx.lifecycle.LifecycleCoroutineScope
androidx.lifecycle.LifecycleCoroutineScopeImpl$register$1
androidx.lifecycle.LifecycleCoroutineScopeImpl
androidx.lifecycle.LifecycleDestroyedException
androidx.lifecycle.LifecycleKt$eventFlow$1$1
androidx.lifecycle.LifecycleKt$eventFlow$1
androidx.lifecycle.LifecycleKt
androidx.lifecycle.LifecycleOwnerKt
androidx.lifecycle.LifecycleRegistry$Companion:
    public final androidx.lifecycle.LifecycleRegistry createUnsafe(androidx.lifecycle.LifecycleOwner)
androidx.lifecycle.LifecycleRegistry$ObserverWithState:
    public final androidx.lifecycle.LifecycleEventObserver getLifecycleObserver()
    public final void setLifecycleObserver(androidx.lifecycle.LifecycleEventObserver)
    public final void setState(androidx.lifecycle.Lifecycle$State)